<?xml version="1.0" encoding="UTF-8"?>
<!-- Generated by org.testng.reporters.JUnitReportReporter -->
<testsuite hostname="DESKTOP-7HKUF9L" failures="0" tests="1" name="Scripts.TestCase2" time="74.135" errors="0" timestamp="2023-09-06T11:28:18 IST" skipped="0">
  <testcase classname="Scripts.TestCase2" name="tc2" time="74.135"/>
</testsuite> <!-- Scripts.TestCase2 -->
