<?xml version="1.0" encoding="UTF-8"?>
<!-- Generated by org.testng.reporters.JUnitReportReporter -->
<testsuite hostname="DESKTOP-7HKUF9L" failures="0" tests="1" name="Scripts.Test_Case1" time="18.868" errors="0" timestamp="2023-09-06T11:04:36 IST" skipped="0">
  <testcase classname="Scripts.Test_Case1" name="tc1" time="18.868"/>
</testsuite> <!-- Scripts.Test_Case1 -->
